20-Apr-2022 06:46:53.445 INFO [main] org.apache.catalina.startup.VersionLoggerListener.log Server version name:   Apache Tomcat/8.5.78
20-Apr-2022 06:46:53.465 INFO [main] org.apache.catalina.startup.VersionLoggerListener.log Server built:          Mar 31 2022 16:05:28 UTC
20-Apr-2022 06:46:53.465 INFO [main] org.apache.catalina.startup.VersionLoggerListener.log Server version number: 8.5.78.0
20-Apr-2022 06:46:53.465 INFO [main] org.apache.catalina.startup.VersionLoggerListener.log OS Name:               Linux
20-Apr-2022 06:46:53.466 INFO [main] org.apache.catalina.startup.VersionLoggerListener.log OS Version:            5.13.0-30-generic
20-Apr-2022 06:46:53.466 INFO [main] org.apache.catalina.startup.VersionLoggerListener.log Architecture:          amd64
20-Apr-2022 06:46:53.466 INFO [main] org.apache.catalina.startup.VersionLoggerListener.log Java Home:             /usr/lib/jvm/java-16-amazon-corretto
20-Apr-2022 06:46:53.466 INFO [main] org.apache.catalina.startup.VersionLoggerListener.log JVM Version:           16.0.2+7
20-Apr-2022 06:46:53.466 INFO [main] org.apache.catalina.startup.VersionLoggerListener.log JVM Vendor:            Amazon.com Inc.
20-Apr-2022 06:46:53.466 INFO [main] org.apache.catalina.startup.VersionLoggerListener.log CATALINA_BASE:         /home/ahmed/Downloads/apache-tomcat-8.5.78
20-Apr-2022 06:46:53.467 INFO [main] org.apache.catalina.startup.VersionLoggerListener.log CATALINA_HOME:         /home/ahmed/Downloads/apache-tomcat-8.5.78
20-Apr-2022 06:46:53.467 INFO [main] org.apache.catalina.startup.VersionLoggerListener.log Command line argument: --add-opens=java.base/java.lang=ALL-UNNAMED
20-Apr-2022 06:46:53.467 INFO [main] org.apache.catalina.startup.VersionLoggerListener.log Command line argument: --add-opens=java.base/java.io=ALL-UNNAMED
20-Apr-2022 06:46:53.469 INFO [main] org.apache.catalina.startup.VersionLoggerListener.log Command line argument: --add-opens=java.base/java.util=ALL-UNNAMED
20-Apr-2022 06:46:53.469 INFO [main] org.apache.catalina.startup.VersionLoggerListener.log Command line argument: --add-opens=java.base/java.util.concurrent=ALL-UNNAMED
20-Apr-2022 06:46:53.470 INFO [main] org.apache.catalina.startup.VersionLoggerListener.log Command line argument: --add-opens=java.rmi/sun.rmi.transport=ALL-UNNAMED
20-Apr-2022 06:46:53.470 INFO [main] org.apache.catalina.startup.VersionLoggerListener.log Command line argument: -Djava.util.logging.config.file=/home/ahmed/Downloads/apache-tomcat-8.5.78/conf/logging.properties
20-Apr-2022 06:46:53.471 INFO [main] org.apache.catalina.startup.VersionLoggerListener.log Command line argument: -Djava.util.logging.manager=org.apache.juli.ClassLoaderLogManager
20-Apr-2022 06:46:53.471 INFO [main] org.apache.catalina.startup.VersionLoggerListener.log Command line argument: -Djdk.tls.ephemeralDHKeySize=2048
20-Apr-2022 06:46:53.472 INFO [main] org.apache.catalina.startup.VersionLoggerListener.log Command line argument: -Djava.protocol.handler.pkgs=org.apache.catalina.webresources
20-Apr-2022 06:46:53.472 INFO [main] org.apache.catalina.startup.VersionLoggerListener.log Command line argument: -Dorg.apache.catalina.security.SecurityListener.UMASK=0027
20-Apr-2022 06:46:53.472 INFO [main] org.apache.catalina.startup.VersionLoggerListener.log Command line argument: -Dignore.endorsed.dirs=
20-Apr-2022 06:46:53.473 INFO [main] org.apache.catalina.startup.VersionLoggerListener.log Command line argument: -Dcatalina.base=/home/ahmed/Downloads/apache-tomcat-8.5.78
20-Apr-2022 06:46:53.473 INFO [main] org.apache.catalina.startup.VersionLoggerListener.log Command line argument: -Dcatalina.home=/home/ahmed/Downloads/apache-tomcat-8.5.78
20-Apr-2022 06:46:53.474 INFO [main] org.apache.catalina.startup.VersionLoggerListener.log Command line argument: -Djava.io.tmpdir=/home/ahmed/Downloads/apache-tomcat-8.5.78/temp
20-Apr-2022 06:46:53.474 INFO [main] org.apache.catalina.core.AprLifecycleListener.lifecycleEvent The Apache Tomcat Native library which allows using OpenSSL was not found on the java.library.path: [/usr/java/packages/lib:/usr/lib64:/lib64:/lib:/usr/lib]
20-Apr-2022 06:46:53.589 INFO [main] org.apache.coyote.AbstractProtocol.init Initializing ProtocolHandler ["http-nio-8080"]
20-Apr-2022 06:46:53.702 INFO [main] org.apache.catalina.startup.Catalina.load Initialization processed in 1819 ms
20-Apr-2022 06:46:53.892 INFO [main] org.apache.catalina.core.StandardService.startInternal Starting service [Catalina]
20-Apr-2022 06:46:53.893 INFO [main] org.apache.catalina.core.StandardEngine.startInternal Starting Servlet engine: [Apache Tomcat/8.5.78]
20-Apr-2022 06:46:53.917 INFO [localhost-startStop-1] org.apache.catalina.startup.HostConfig.deployDirectory Deploying web application directory [/home/ahmed/Downloads/apache-tomcat-8.5.78/webapps/ROOT]
20-Apr-2022 06:46:54.857 INFO [localhost-startStop-1] org.apache.catalina.startup.HostConfig.deployDirectory Deployment of web application directory [/home/ahmed/Downloads/apache-tomcat-8.5.78/webapps/ROOT] has finished in [940] ms
20-Apr-2022 06:46:54.858 INFO [localhost-startStop-1] org.apache.catalina.startup.HostConfig.deployDirectory Deploying web application directory [/home/ahmed/Downloads/apache-tomcat-8.5.78/webapps/host-manager]
20-Apr-2022 06:46:54.940 INFO [localhost-startStop-1] org.apache.catalina.startup.HostConfig.deployDirectory Deployment of web application directory [/home/ahmed/Downloads/apache-tomcat-8.5.78/webapps/host-manager] has finished in [81] ms
20-Apr-2022 06:46:54.940 INFO [localhost-startStop-1] org.apache.catalina.startup.HostConfig.deployDirectory Deploying web application directory [/home/ahmed/Downloads/apache-tomcat-8.5.78/webapps/manager]
20-Apr-2022 06:46:55.031 INFO [localhost-startStop-1] org.apache.catalina.startup.HostConfig.deployDirectory Deployment of web application directory [/home/ahmed/Downloads/apache-tomcat-8.5.78/webapps/manager] has finished in [90] ms
20-Apr-2022 06:46:55.032 INFO [localhost-startStop-1] org.apache.catalina.startup.HostConfig.deployDirectory Deploying web application directory [/home/ahmed/Downloads/apache-tomcat-8.5.78/webapps/examples]
20-Apr-2022 06:46:55.844 INFO [localhost-startStop-1] org.apache.catalina.startup.HostConfig.deployDirectory Deployment of web application directory [/home/ahmed/Downloads/apache-tomcat-8.5.78/webapps/examples] has finished in [811] ms
20-Apr-2022 06:46:55.844 INFO [localhost-startStop-1] org.apache.catalina.startup.HostConfig.deployDirectory Deploying web application directory [/home/ahmed/Downloads/apache-tomcat-8.5.78/webapps/docs]
20-Apr-2022 06:46:55.895 INFO [localhost-startStop-1] org.apache.catalina.startup.HostConfig.deployDirectory Deployment of web application directory [/home/ahmed/Downloads/apache-tomcat-8.5.78/webapps/docs] has finished in [50] ms
20-Apr-2022 06:46:55.900 INFO [main] org.apache.coyote.AbstractProtocol.start Starting ProtocolHandler ["http-nio-8080"]
20-Apr-2022 06:46:55.976 INFO [main] org.apache.catalina.startup.Catalina.start Server startup in 2273 ms
