28-Apr-2022 12:21:49.651 INFO [main] org.apache.catalina.startup.VersionLoggerListener.log Server version name:   Apache Tomcat/8.5.78
28-Apr-2022 12:21:49.655 INFO [main] org.apache.catalina.startup.VersionLoggerListener.log Server built:          Mar 31 2022 16:05:28 UTC
28-Apr-2022 12:21:49.656 INFO [main] org.apache.catalina.startup.VersionLoggerListener.log Server version number: 8.5.78.0
28-Apr-2022 12:21:49.656 INFO [main] org.apache.catalina.startup.VersionLoggerListener.log OS Name:               Linux
28-Apr-2022 12:21:49.656 INFO [main] org.apache.catalina.startup.VersionLoggerListener.log OS Version:            5.13.0-30-generic
28-Apr-2022 12:21:49.656 INFO [main] org.apache.catalina.startup.VersionLoggerListener.log Architecture:          amd64
28-Apr-2022 12:21:49.656 INFO [main] org.apache.catalina.startup.VersionLoggerListener.log Java Home:             /usr/lib/jvm/java-16-amazon-corretto
28-Apr-2022 12:21:49.656 INFO [main] org.apache.catalina.startup.VersionLoggerListener.log JVM Version:           16.0.2+7
28-Apr-2022 12:21:49.657 INFO [main] org.apache.catalina.startup.VersionLoggerListener.log JVM Vendor:            Amazon.com Inc.
28-Apr-2022 12:21:49.657 INFO [main] org.apache.catalina.startup.VersionLoggerListener.log CATALINA_BASE:         /home/ahmed/Documents/Saryshli--/apache-tomcat-8.5.78
28-Apr-2022 12:21:49.657 INFO [main] org.apache.catalina.startup.VersionLoggerListener.log CATALINA_HOME:         /home/ahmed/Documents/Saryshli--/apache-tomcat-8.5.78
28-Apr-2022 12:21:49.663 INFO [main] org.apache.catalina.startup.VersionLoggerListener.log Command line argument: --add-opens=java.base/java.lang=ALL-UNNAMED
28-Apr-2022 12:21:49.663 INFO [main] org.apache.catalina.startup.VersionLoggerListener.log Command line argument: --add-opens=java.base/java.io=ALL-UNNAMED
28-Apr-2022 12:21:49.663 INFO [main] org.apache.catalina.startup.VersionLoggerListener.log Command line argument: --add-opens=java.base/java.util=ALL-UNNAMED
28-Apr-2022 12:21:49.664 INFO [main] org.apache.catalina.startup.VersionLoggerListener.log Command line argument: --add-opens=java.base/java.util.concurrent=ALL-UNNAMED
28-Apr-2022 12:21:49.664 INFO [main] org.apache.catalina.startup.VersionLoggerListener.log Command line argument: --add-opens=java.rmi/sun.rmi.transport=ALL-UNNAMED
28-Apr-2022 12:21:49.664 INFO [main] org.apache.catalina.startup.VersionLoggerListener.log Command line argument: -Djava.util.logging.config.file=/home/ahmed/Documents/Saryshli--/apache-tomcat-8.5.78/conf/logging.properties
28-Apr-2022 12:21:49.664 INFO [main] org.apache.catalina.startup.VersionLoggerListener.log Command line argument: -Djava.util.logging.manager=org.apache.juli.ClassLoaderLogManager
28-Apr-2022 12:21:49.664 INFO [main] org.apache.catalina.startup.VersionLoggerListener.log Command line argument: -Djdk.tls.ephemeralDHKeySize=2048
28-Apr-2022 12:21:49.664 INFO [main] org.apache.catalina.startup.VersionLoggerListener.log Command line argument: -Djava.protocol.handler.pkgs=org.apache.catalina.webresources
28-Apr-2022 12:21:49.665 INFO [main] org.apache.catalina.startup.VersionLoggerListener.log Command line argument: -Dorg.apache.catalina.security.SecurityListener.UMASK=0027
28-Apr-2022 12:21:49.665 INFO [main] org.apache.catalina.startup.VersionLoggerListener.log Command line argument: -Dignore.endorsed.dirs=
28-Apr-2022 12:21:49.665 INFO [main] org.apache.catalina.startup.VersionLoggerListener.log Command line argument: -Dcatalina.base=/home/ahmed/Documents/Saryshli--/apache-tomcat-8.5.78
28-Apr-2022 12:21:49.665 INFO [main] org.apache.catalina.startup.VersionLoggerListener.log Command line argument: -Dcatalina.home=/home/ahmed/Documents/Saryshli--/apache-tomcat-8.5.78
28-Apr-2022 12:21:49.665 INFO [main] org.apache.catalina.startup.VersionLoggerListener.log Command line argument: -Djava.io.tmpdir=/home/ahmed/Documents/Saryshli--/apache-tomcat-8.5.78/temp
28-Apr-2022 12:21:49.665 INFO [main] org.apache.catalina.core.AprLifecycleListener.lifecycleEvent The Apache Tomcat Native library which allows using OpenSSL was not found on the java.library.path: [/usr/java/packages/lib:/usr/lib64:/lib64:/lib:/usr/lib]
28-Apr-2022 12:21:49.769 INFO [main] org.apache.coyote.AbstractProtocol.init Initializing ProtocolHandler ["http-nio-8080"]
28-Apr-2022 12:21:49.869 INFO [main] org.apache.catalina.startup.Catalina.load Initialization processed in 1821 ms
28-Apr-2022 12:21:50.027 INFO [main] org.apache.catalina.core.StandardService.startInternal Starting service [Catalina]
28-Apr-2022 12:21:50.028 INFO [main] org.apache.catalina.core.StandardEngine.startInternal Starting Servlet engine: [Apache Tomcat/8.5.78]
28-Apr-2022 12:21:50.049 INFO [localhost-startStop-1] org.apache.catalina.startup.HostConfig.deployDirectory Deploying web application directory [/home/ahmed/Documents/Saryshli--/apache-tomcat-8.5.78/webapps/ROOT]
28-Apr-2022 12:21:50.755 INFO [localhost-startStop-1] org.apache.catalina.startup.HostConfig.deployDirectory Deployment of web application directory [/home/ahmed/Documents/Saryshli--/apache-tomcat-8.5.78/webapps/ROOT] has finished in [705] ms
28-Apr-2022 12:21:50.756 INFO [localhost-startStop-1] org.apache.catalina.startup.HostConfig.deployDirectory Deploying web application directory [/home/ahmed/Documents/Saryshli--/apache-tomcat-8.5.78/webapps/host-manager]
28-Apr-2022 12:21:50.845 INFO [localhost-startStop-1] org.apache.catalina.startup.HostConfig.deployDirectory Deployment of web application directory [/home/ahmed/Documents/Saryshli--/apache-tomcat-8.5.78/webapps/host-manager] has finished in [89] ms
28-Apr-2022 12:21:50.846 INFO [localhost-startStop-1] org.apache.catalina.startup.HostConfig.deployDirectory Deploying web application directory [/home/ahmed/Documents/Saryshli--/apache-tomcat-8.5.78/webapps/manager]
28-Apr-2022 12:21:50.886 INFO [localhost-startStop-1] org.apache.catalina.startup.HostConfig.deployDirectory Deployment of web application directory [/home/ahmed/Documents/Saryshli--/apache-tomcat-8.5.78/webapps/manager] has finished in [40] ms
28-Apr-2022 12:21:50.886 INFO [localhost-startStop-1] org.apache.catalina.startup.HostConfig.deployDirectory Deploying web application directory [/home/ahmed/Documents/Saryshli--/apache-tomcat-8.5.78/webapps/examples]
28-Apr-2022 12:21:51.769 INFO [localhost-startStop-1] org.apache.catalina.startup.HostConfig.deployDirectory Deployment of web application directory [/home/ahmed/Documents/Saryshli--/apache-tomcat-8.5.78/webapps/examples] has finished in [883] ms
28-Apr-2022 12:21:51.769 INFO [localhost-startStop-1] org.apache.catalina.startup.HostConfig.deployDirectory Deploying web application directory [/home/ahmed/Documents/Saryshli--/apache-tomcat-8.5.78/webapps/docs]
28-Apr-2022 12:21:51.798 INFO [localhost-startStop-1] org.apache.catalina.startup.HostConfig.deployDirectory Deployment of web application directory [/home/ahmed/Documents/Saryshli--/apache-tomcat-8.5.78/webapps/docs] has finished in [29] ms
28-Apr-2022 12:21:51.802 INFO [main] org.apache.coyote.AbstractProtocol.start Starting ProtocolHandler ["http-nio-8080"]
28-Apr-2022 12:21:51.857 INFO [main] org.apache.catalina.startup.Catalina.start Server startup in 1987 ms
28-Apr-2022 12:35:01.956 INFO [ContainerBackgroundProcessor[StandardEngine[Catalina]]] org.apache.catalina.users.MemoryUserDatabase.backgroundProcess Reloading memory user database [UserDatabase] from updated source [file:/home/ahmed/Documents/Saryshli--/apache-tomcat-8.5.78/conf/tomcat-users.xml]
28-Apr-2022 12:35:01.957 SEVERE [ContainerBackgroundProcessor[StandardEngine[Catalina]]] org.apache.catalina.users.MemoryUserDatabase.open The specified user database [conf/tomcat-users.xml] could not be found
28-Apr-2022 12:35:01.957 WARNING [ContainerBackgroundProcessor[StandardEngine[Catalina]]] org.apache.catalina.users.MemoryUserDatabase.open Failed to close [conf/tomcat-users.xml]
	java.io.FileNotFoundException: /home/ahmed/Documents/Saryshli--/apache-tomcat-8.5.78/conf/tomcat-users.xml (No such file or directory)
		at java.base/java.io.FileInputStream.open0(Native Method)
		at java.base/java.io.FileInputStream.open(FileInputStream.java:211)
		at java.base/java.io.FileInputStream.<init>(FileInputStream.java:153)
		at java.base/java.io.FileInputStream.<init>(FileInputStream.java:108)
		at java.base/sun.net.www.protocol.file.FileURLConnection.connect(FileURLConnection.java:86)
		at java.base/sun.net.www.protocol.file.FileURLConnection.getInputStream(FileURLConnection.java:189)
		at org.apache.catalina.users.MemoryUserDatabase.open(MemoryUserDatabase.java:466)
		at org.apache.catalina.users.MemoryUserDatabase.backgroundProcess(MemoryUserDatabase.java:704)
		at org.apache.catalina.realm.UserDatabaseRealm.backgroundProcess(UserDatabaseRealm.java:138)
		at org.apache.catalina.realm.CombinedRealm.backgroundProcess(CombinedRealm.java:308)
		at org.apache.catalina.core.ContainerBase.backgroundProcess(ContainerBase.java:1156)
		at org.apache.catalina.core.ContainerBase$ContainerBackgroundProcessor.processChildren(ContainerBase.java:1396)
		at org.apache.catalina.core.ContainerBase$ContainerBackgroundProcessor.run(ContainerBase.java:1368)
		at java.base/java.lang.Thread.run(Thread.java:831)
28-Apr-2022 12:35:02.461 INFO [ContainerBackgroundProcessor[StandardEngine[Catalina]]] org.apache.catalina.startup.HostConfig.undeploy Undeploying context []
28-Apr-2022 12:35:02.507 WARNING [ContainerBackgroundProcessor[StandardEngine[Catalina]]] org.apache.catalina.loader.WebappClassLoaderBase.clearReferencesJdbc JDBC driver de-registration failed for web application [ROOT]
	java.lang.NullPointerException: Cannot invoke "java.io.InputStream.read(byte[], int, int)" because "is" is null
		at org.apache.catalina.loader.WebappClassLoaderBase.clearReferencesJdbc(WebappClassLoaderBase.java:1734)
		at org.apache.catalina.loader.WebappClassLoaderBase.clearReferences(WebappClassLoaderBase.java:1673)
		at org.apache.catalina.loader.WebappClassLoaderBase.stop(WebappClassLoaderBase.java:1610)
		at org.apache.catalina.loader.WebappLoader.stopInternal(WebappLoader.java:455)
		at org.apache.catalina.util.LifecycleBase.stop(LifecycleBase.java:257)
		at org.apache.catalina.core.StandardContext.stopInternal(StandardContext.java:5505)
		at org.apache.catalina.util.LifecycleBase.stop(LifecycleBase.java:257)
		at org.apache.catalina.core.ContainerBase.removeChild(ContainerBase.java:844)
		at org.apache.catalina.startup.HostConfig.undeploy(HostConfig.java:1458)
		at org.apache.catalina.startup.HostConfig.checkResources(HostConfig.java:1383)
		at org.apache.catalina.startup.HostConfig.check(HostConfig.java:1646)
		at org.apache.catalina.startup.HostConfig.lifecycleEvent(HostConfig.java:314)
		at org.apache.catalina.util.LifecycleBase.fireLifecycleEvent(LifecycleBase.java:123)
		at org.apache.catalina.core.ContainerBase.backgroundProcess(ContainerBase.java:1170)
		at org.apache.catalina.core.ContainerBase$ContainerBackgroundProcessor.processChildren(ContainerBase.java:1396)
		at org.apache.catalina.core.ContainerBase$ContainerBackgroundProcessor.processChildren(ContainerBase.java:1400)
		at org.apache.catalina.core.ContainerBase$ContainerBackgroundProcessor.run(ContainerBase.java:1368)
		at java.base/java.lang.Thread.run(Thread.java:831)
28-Apr-2022 12:35:03.035 INFO [ContainerBackgroundProcessor[StandardEngine[Catalina]]] org.apache.catalina.startup.HostConfig.undeploy Undeploying context [/examples]
28-Apr-2022 12:35:03.041 WARNING [ContainerBackgroundProcessor[StandardEngine[Catalina]]] org.apache.catalina.loader.WebappClassLoaderBase.clearReferencesJdbc JDBC driver de-registration failed for web application [examples]
	java.lang.IllegalStateException: java.io.IOException: java.lang.reflect.InvocationTargetException
		at org.apache.catalina.webresources.AbstractSingleArchiveResourceSet.getArchiveEntry(AbstractSingleArchiveResourceSet.java:100)
		at org.apache.catalina.webresources.AbstractArchiveResourceSet.getResource(AbstractArchiveResourceSet.java:257)
		at org.apache.catalina.webresources.StandardRoot.getResourceInternal(StandardRoot.java:280)
		at org.apache.catalina.webresources.Cache.getResource(Cache.java:62)
		at org.apache.catalina.webresources.StandardRoot.getResource(StandardRoot.java:215)
		at org.apache.catalina.webresources.StandardRoot.getClassLoaderResource(StandardRoot.java:224)
		at org.apache.catalina.loader.WebappClassLoaderBase.getResourceAsStream(WebappClassLoaderBase.java:1173)
		at org.apache.catalina.loader.WebappClassLoaderBase.clearReferencesJdbc(WebappClassLoaderBase.java:1732)
		at org.apache.catalina.loader.WebappClassLoaderBase.clearReferences(WebappClassLoaderBase.java:1673)
		at org.apache.catalina.loader.WebappClassLoaderBase.stop(WebappClassLoaderBase.java:1610)
		at org.apache.catalina.loader.WebappLoader.stopInternal(WebappLoader.java:455)
		at org.apache.catalina.util.LifecycleBase.stop(LifecycleBase.java:257)
		at org.apache.catalina.core.StandardContext.stopInternal(StandardContext.java:5505)
		at org.apache.catalina.util.LifecycleBase.stop(LifecycleBase.java:257)
		at org.apache.catalina.core.ContainerBase.removeChild(ContainerBase.java:844)
		at org.apache.catalina.startup.HostConfig.undeploy(HostConfig.java:1458)
		at org.apache.catalina.startup.HostConfig.checkResources(HostConfig.java:1383)
		at org.apache.catalina.startup.HostConfig.check(HostConfig.java:1646)
		at org.apache.catalina.startup.HostConfig.lifecycleEvent(HostConfig.java:314)
		at org.apache.catalina.util.LifecycleBase.fireLifecycleEvent(LifecycleBase.java:123)
		at org.apache.catalina.core.ContainerBase.backgroundProcess(ContainerBase.java:1170)
		at org.apache.catalina.core.ContainerBase$ContainerBackgroundProcessor.processChildren(ContainerBase.java:1396)
		at org.apache.catalina.core.ContainerBase$ContainerBackgroundProcessor.processChildren(ContainerBase.java:1400)
		at org.apache.catalina.core.ContainerBase$ContainerBackgroundProcessor.run(ContainerBase.java:1368)
		at java.base/java.lang.Thread.run(Thread.java:831)
	Caused by: java.io.IOException: java.lang.reflect.InvocationTargetException
		at org.apache.tomcat.util.compat.Jre9Compat.jarFileNewInstance(Jre9Compat.java:209)
		at org.apache.tomcat.util.compat.JreCompat.jarFileNewInstance(JreCompat.java:194)
		at org.apache.catalina.webresources.AbstractArchiveResourceSet.openJarFile(AbstractArchiveResourceSet.java:308)
		at org.apache.catalina.webresources.AbstractSingleArchiveResourceSet.getArchiveEntry(AbstractSingleArchiveResourceSet.java:96)
		... 24 more
	Caused by: java.lang.reflect.InvocationTargetException
		at java.base/jdk.internal.reflect.GeneratedConstructorAccessor10.newInstance(Unknown Source)
		at java.base/jdk.internal.reflect.DelegatingConstructorAccessorImpl.newInstance(DelegatingConstructorAccessorImpl.java:45)
		at java.base/java.lang.reflect.Constructor.newInstanceWithCaller(Constructor.java:499)
		at java.base/java.lang.reflect.Constructor.newInstance(Constructor.java:480)
		at org.apache.tomcat.util.compat.Jre9Compat.jarFileNewInstance(Jre9Compat.java:206)
		... 27 more
	Caused by: java.nio.file.NoSuchFileException: /home/ahmed/Documents/Saryshli--/apache-tomcat-8.5.78/webapps/examples/WEB-INF/lib/taglibs-standard-spec-1.2.5.jar
		at java.base/sun.nio.fs.UnixException.translateToIOException(UnixException.java:92)
		at java.base/sun.nio.fs.UnixException.rethrowAsIOException(UnixException.java:106)
		at java.base/sun.nio.fs.UnixException.rethrowAsIOException(UnixException.java:111)
		at java.base/sun.nio.fs.UnixFileAttributeViews$Basic.readAttributes(UnixFileAttributeViews.java:55)
		at java.base/sun.nio.fs.UnixFileSystemProvider.readAttributes(UnixFileSystemProvider.java:149)
		at java.base/sun.nio.fs.LinuxFileSystemProvider.readAttributes(LinuxFileSystemProvider.java:99)
		at java.base/java.nio.file.Files.readAttributes(Files.java:1843)
		at java.base/java.util.zip.ZipFile$Source.get(ZipFile.java:1230)
		at java.base/java.util.zip.ZipFile$CleanableResource.<init>(ZipFile.java:707)
		at java.base/java.util.zip.ZipFile.<init>(ZipFile.java:241)
		at java.base/java.util.zip.ZipFile.<init>(ZipFile.java:171)
		at java.base/java.util.jar.JarFile.<init>(JarFile.java:348)
		... 32 more
28-Apr-2022 12:35:03.548 INFO [ContainerBackgroundProcessor[StandardEngine[Catalina]]] org.apache.catalina.startup.HostConfig.undeploy Undeploying context [/host-manager]
28-Apr-2022 12:35:03.550 WARNING [ContainerBackgroundProcessor[StandardEngine[Catalina]]] org.apache.catalina.loader.WebappClassLoaderBase.clearReferencesJdbc JDBC driver de-registration failed for web application [host-manager]
	java.lang.NullPointerException: Cannot invoke "java.io.InputStream.read(byte[], int, int)" because "is" is null
		at org.apache.catalina.loader.WebappClassLoaderBase.clearReferencesJdbc(WebappClassLoaderBase.java:1734)
		at org.apache.catalina.loader.WebappClassLoaderBase.clearReferences(WebappClassLoaderBase.java:1673)
		at org.apache.catalina.loader.WebappClassLoaderBase.stop(WebappClassLoaderBase.java:1610)
		at org.apache.catalina.loader.WebappLoader.stopInternal(WebappLoader.java:455)
		at org.apache.catalina.util.LifecycleBase.stop(LifecycleBase.java:257)
		at org.apache.catalina.core.StandardContext.stopInternal(StandardContext.java:5505)
		at org.apache.catalina.util.LifecycleBase.stop(LifecycleBase.java:257)
		at org.apache.catalina.core.ContainerBase.removeChild(ContainerBase.java:844)
		at org.apache.catalina.startup.HostConfig.undeploy(HostConfig.java:1458)
		at org.apache.catalina.startup.HostConfig.checkResources(HostConfig.java:1383)
		at org.apache.catalina.startup.HostConfig.check(HostConfig.java:1646)
		at org.apache.catalina.startup.HostConfig.lifecycleEvent(HostConfig.java:314)
		at org.apache.catalina.util.LifecycleBase.fireLifecycleEvent(LifecycleBase.java:123)
		at org.apache.catalina.core.ContainerBase.backgroundProcess(ContainerBase.java:1170)
		at org.apache.catalina.core.ContainerBase$ContainerBackgroundProcessor.processChildren(ContainerBase.java:1396)
		at org.apache.catalina.core.ContainerBase$ContainerBackgroundProcessor.processChildren(ContainerBase.java:1400)
		at org.apache.catalina.core.ContainerBase$ContainerBackgroundProcessor.run(ContainerBase.java:1368)
		at java.base/java.lang.Thread.run(Thread.java:831)
28-Apr-2022 12:35:04.056 INFO [ContainerBackgroundProcessor[StandardEngine[Catalina]]] org.apache.catalina.startup.HostConfig.undeploy Undeploying context [/manager]
28-Apr-2022 12:35:04.060 WARNING [ContainerBackgroundProcessor[StandardEngine[Catalina]]] org.apache.catalina.loader.WebappClassLoaderBase.clearReferencesJdbc JDBC driver de-registration failed for web application [manager]
	java.lang.NullPointerException: Cannot invoke "java.io.InputStream.read(byte[], int, int)" because "is" is null
		at org.apache.catalina.loader.WebappClassLoaderBase.clearReferencesJdbc(WebappClassLoaderBase.java:1734)
		at org.apache.catalina.loader.WebappClassLoaderBase.clearReferences(WebappClassLoaderBase.java:1673)
		at org.apache.catalina.loader.WebappClassLoaderBase.stop(WebappClassLoaderBase.java:1610)
		at org.apache.catalina.loader.WebappLoader.stopInternal(WebappLoader.java:455)
		at org.apache.catalina.util.LifecycleBase.stop(LifecycleBase.java:257)
		at org.apache.catalina.core.StandardContext.stopInternal(StandardContext.java:5505)
		at org.apache.catalina.util.LifecycleBase.stop(LifecycleBase.java:257)
		at org.apache.catalina.core.ContainerBase.removeChild(ContainerBase.java:844)
		at org.apache.catalina.startup.HostConfig.undeploy(HostConfig.java:1458)
		at org.apache.catalina.startup.HostConfig.checkResources(HostConfig.java:1383)
		at org.apache.catalina.startup.HostConfig.check(HostConfig.java:1646)
		at org.apache.catalina.startup.HostConfig.lifecycleEvent(HostConfig.java:314)
		at org.apache.catalina.util.LifecycleBase.fireLifecycleEvent(LifecycleBase.java:123)
		at org.apache.catalina.core.ContainerBase.backgroundProcess(ContainerBase.java:1170)
		at org.apache.catalina.core.ContainerBase$ContainerBackgroundProcessor.processChildren(ContainerBase.java:1396)
		at org.apache.catalina.core.ContainerBase$ContainerBackgroundProcessor.processChildren(ContainerBase.java:1400)
		at org.apache.catalina.core.ContainerBase$ContainerBackgroundProcessor.run(ContainerBase.java:1368)
		at java.base/java.lang.Thread.run(Thread.java:831)
28-Apr-2022 12:35:04.563 INFO [ContainerBackgroundProcessor[StandardEngine[Catalina]]] org.apache.catalina.startup.HostConfig.undeploy Undeploying context [/docs]
28-Apr-2022 12:35:04.566 WARNING [ContainerBackgroundProcessor[StandardEngine[Catalina]]] org.apache.catalina.loader.WebappClassLoaderBase.clearReferencesJdbc JDBC driver de-registration failed for web application [docs]
	java.lang.NullPointerException: Cannot invoke "java.io.InputStream.read(byte[], int, int)" because "is" is null
		at org.apache.catalina.loader.WebappClassLoaderBase.clearReferencesJdbc(WebappClassLoaderBase.java:1734)
		at org.apache.catalina.loader.WebappClassLoaderBase.clearReferences(WebappClassLoaderBase.java:1673)
		at org.apache.catalina.loader.WebappClassLoaderBase.stop(WebappClassLoaderBase.java:1610)
		at org.apache.catalina.loader.WebappLoader.stopInternal(WebappLoader.java:455)
		at org.apache.catalina.util.LifecycleBase.stop(LifecycleBase.java:257)
		at org.apache.catalina.core.StandardContext.stopInternal(StandardContext.java:5505)
		at org.apache.catalina.util.LifecycleBase.stop(LifecycleBase.java:257)
		at org.apache.catalina.core.ContainerBase.removeChild(ContainerBase.java:844)
		at org.apache.catalina.startup.HostConfig.undeploy(HostConfig.java:1458)
		at org.apache.catalina.startup.HostConfig.checkResources(HostConfig.java:1383)
		at org.apache.catalina.startup.HostConfig.check(HostConfig.java:1646)
		at org.apache.catalina.startup.HostConfig.lifecycleEvent(HostConfig.java:314)
		at org.apache.catalina.util.LifecycleBase.fireLifecycleEvent(LifecycleBase.java:123)
		at org.apache.catalina.core.ContainerBase.backgroundProcess(ContainerBase.java:1170)
		at org.apache.catalina.core.ContainerBase$ContainerBackgroundProcessor.processChildren(ContainerBase.java:1396)
		at org.apache.catalina.core.ContainerBase$ContainerBackgroundProcessor.processChildren(ContainerBase.java:1400)
		at org.apache.catalina.core.ContainerBase$ContainerBackgroundProcessor.run(ContainerBase.java:1368)
		at java.base/java.lang.Thread.run(Thread.java:831)
